<?xml version="1.0" encoding="UTF-8"?>
<testsuite xmlns:xsi="http://www.w3.org/2001/XMLSchema-instance" xsi:noNamespaceSchemaLocation="https://maven.apache.org/surefire/maven-surefire-plugin/xsd/surefire-test-report-3.0.xsd" version="3.0" name="jabberpoint.MenuControllerTest" time="4.874" tests="7" errors="0" skipped="0" failures="0">
  <properties>
[...]
</properties>
  <testcase name="testAboutMenuItemDoesNotCrash" classname="jabberpoint.MenuControllerTest" time="2.228"/>
  <testcase name="testMenuControllerHasTwoMenus" classname="jabberpoint.MenuControllerTest" time="0.003"/>
  <testcase name="testNextSlideMenuItem" classname="jabberpoint.MenuControllerTest" time="0.002"/>
  <testcase name="testMenuControllerIsNotNull" classname="jabberpoint.MenuControllerTest" time="0.002"/>
  <testcase name="testLoadFileIOExceptionHandling" classname="jabberpoint.MenuControllerTest" time="1.916"/>
  <testcase name="testPrevSlideMenuItem" classname="jabberpoint.MenuControllerTest" time="0.002"/>
  <testcase name="testSaveFileIOExceptionHandling" classname="jabberpoint.MenuControllerTest" time="0.714"/>
</testsuite>